<?xml version="1.0" encoding="UTF-8"?>
<!-- Generated by org.testng.reporters.JUnitReportReporter -->
<testsuite hostname="Mohammeds-MacBook-Pro.local" failures="0" tests="18" name="testPage.HomePageTest" time="26.892" errors="0" timestamp="2022-12-31T03:06:15 EST" skipped="17">
  <testcase classname="testPage.HomePageTest" name="clickSearchKeyWordTextTest" time="26.892"/>
  <system-out/>
  <testcase classname="testPage.HomePageTest" name="forgotIdDropDownTest">
    <skipped/>
  </testcase> <!-- forgotIdDropDownTest -->
  <system-out/>
  <testcase classname="testPage.HomePageTest" name="forgotIdSubmitButtonTest">
    <skipped/>
  </testcase> <!-- forgotIdSubmitButtonTest -->
  <system-out/>
  <testcase classname="testPage.HomePageTest" name="clickResideoMainPageTest">
    <skipped/>
  </testcase> <!-- clickResideoMainPageTest -->
  <system-out/>
  <testcase classname="testPage.HomePageTest" name="clickLoginButtonTest">
    <skipped/>
  </testcase> <!-- clickLoginButtonTest -->
  <system-out/>
  <testcase classname="testPage.HomePageTest" name="clickNewUserReg2TextTest">
    <skipped/>
  </testcase> <!-- clickNewUserReg2TextTest -->
  <system-out/>
  <testcase classname="testPage.HomePageTest" name="clickNewUserReg">
    <skipped/>
  </testcase> <!-- clickNewUserReg -->
  <system-out/>
  <testcase classname="testPage.HomePageTest" name="clickForgotUserIdTest">
    <skipped/>
  </testcase> <!-- clickForgotUserIdTest -->
  <system-out/>
  <testcase classname="testPage.HomePageTest" name="clickUserAccountUrlTest">
    <skipped/>
  </testcase> <!-- clickUserAccountUrlTest -->
  <system-out/>
  <testcase classname="testPage.HomePageTest" name="inputTextInUserIdFieldAndPasswordFieldThenClickLoginButtonTest">
    <skipped/>
  </testcase> <!-- inputTextInUserIdFieldAndPasswordFieldThenClickLoginButtonTest -->
  <system-out/>
  <testcase classname="testPage.HomePageTest" name="resideoPage">
    <skipped/>
  </testcase> <!-- resideoPage -->
  <system-out/>
  <testcase classname="testPage.HomePageTest" name="clickForgotPasswordUserNameTest">
    <skipped/>
  </testcase> <!-- clickForgotPasswordUserNameTest -->
  <system-out/>
  <testcase classname="testPage.HomePageTest" name="logoDisplayedTest">
    <skipped/>
  </testcase> <!-- logoDisplayedTest -->
  <system-out/>
  <testcase classname="testPage.HomePageTest" name="clickUserIdTest">
    <skipped/>
  </testcase> <!-- clickUserIdTest -->
  <system-out/>
  <testcase classname="testPage.HomePageTest" name="clickHomeOwnerTitelTest">
    <skipped/>
  </testcase> <!-- clickHomeOwnerTitelTest -->
  <system-out/>
  <testcase classname="testPage.HomePageTest" name="clickUserPassedTest">
    <skipped/>
  </testcase> <!-- clickUserPassedTest -->
  <system-out/>
  <testcase classname="testPage.HomePageTest" name="clickUserPasswordTest">
    <skipped/>
  </testcase> <!-- clickUserPasswordTest -->
  <system-out/>
  <testcase classname="testPage.HomePageTest" name="clickSearchkeywordTest">
    <skipped/>
  </testcase> <!-- clickSearchkeywordTest -->
  <system-out/>
</testsuite> <!-- testPage.HomePageTest -->
