<?xml version="1.0" encoding="UTF-8"?>
<!-- Generated by org.testng.reporters.JUnitReportReporter -->
<testsuite hostname="Mohammeds-MacBook-Pro.local" failures="0" tests="11" name="testPage.HomePageTest" time="95.670" errors="0" timestamp="2022-12-27T23:17:52 EST" skipped="1">
  <testcase classname="testPage.HomePageTest" name="clickLoginButtonTest" time="7.944"/>
  <system-out/>
  <testcase classname="testPage.HomePageTest" name="clickUserIdTest" time="9.568"/>
  <system-out/>
  <testcase classname="testPage.HomePageTest" name="clickUserPassedTest" time="7.861"/>
  <system-out/>
  <testcase classname="testPage.HomePageTest" name="clickNewUserReg" time="10.211"/>
  <system-out/>
  <testcase classname="testPage.HomePageTest" name="clickForgotUserIdTest" time="8.595"/>
  <system-out/>
  <testcase classname="testPage.HomePageTest" name="clickUserPasswordTest" time="9.005"/>
  <system-out/>
  <testcase classname="testPage.HomePageTest" name="inputTextInUserIdFieldAndPasswordFieldThenClickLoginButtonTest" time="12.747"/>
  <system-out/>
  <testcase classname="testPage.HomePageTest" name="clickForgotPasswordUserNameTest" time="12.631"/>
  <system-out/>
  <testcase classname="testPage.HomePageTest" name="clickResideoMainPageTest" time="8.993"/>
  <system-out/>
  <testcase classname="testPage.HomePageTest" name="clickSearchkeywordTest" time="8.115"/>
  <system-out/>
  <testcase classname="testPage.HomePageTest" name="resideoPage">
    <skipped/>
  </testcase> <!-- resideoPage -->
  <system-out/>
</testsuite> <!-- testPage.HomePageTest -->
